block in append_cflags: checking for whether -std=c99 is accepted as CFLAGS... -------------------- yes

"clang -o conftest -I/opt/homebrew/Cellar/ruby@2.7/2.7.6_1/include/ruby-2.7.0/arm64-darwin21 -I/opt/homebrew/Cellar/ruby@2.7/2.7.6_1/include/ruby-2.7.0/ruby/backward -I/opt/homebrew/Cellar/ruby@2.7/2.7.6_1/include/ruby-2.7.0 -I.  -I/opt/homebrew/opt/libyaml/include -I/opt/homebrew/opt/openssl@1.1/include -I/opt/homebrew/opt/readline/include -D_XOPEN_SOURCE -D_DARWIN_C_SOURCE -D_DARWIN_UNLIMITED_SELECT -D_REENTRANT   -g -O2 -fno-common -pipe conftest.c  -L. -L/opt/homebrew/Cellar/ruby@2.7/2.7.6_1/lib -L/opt/homebrew/opt/libyaml/lib -L/opt/homebrew/opt/openssl@1.1/lib -L/opt/homebrew/opt/readline/lib -L. -fstack-protector-strong -L/opt/homebrew/lib -L/opt/homebrew/opt/libyaml/lib -L/opt/homebrew/opt/openssl@1.1/lib -L/opt/homebrew/opt/readline/lib  -m64   -lruby.2.7   "
checked program was:
/* begin */
1: #include "ruby.h"
2: 
3: int main(int argc, char **argv)
4: {
5:   return !!argv[argc];
6: }
/* end */

"clang -I/opt/homebrew/Cellar/ruby@2.7/2.7.6_1/include/ruby-2.7.0/arm64-darwin21 -I/opt/homebrew/Cellar/ruby@2.7/2.7.6_1/include/ruby-2.7.0/ruby/backward -I/opt/homebrew/Cellar/ruby@2.7/2.7.6_1/include/ruby-2.7.0 -I.  -I/opt/homebrew/opt/libyaml/include -I/opt/homebrew/opt/openssl@1.1/include -I/opt/homebrew/opt/readline/include -D_XOPEN_SOURCE -D_DARWIN_C_SOURCE -D_DARWIN_UNLIMITED_SELECT -D_REENTRANT   -g -O2 -fno-common -pipe -m64 -std=c99 -Werror -c conftest.c"
checked program was:
/* begin */
1: #include "ruby.h"
2: 
3: int main(int argc, char **argv)
4: {
5:   return !!argv[argc];
6: }
/* end */

--------------------

block in append_cflags: checking for whether -Wno-declaration-after-statement is accepted as CFLAGS... -------------------- yes

"clang -I/opt/homebrew/Cellar/ruby@2.7/2.7.6_1/include/ruby-2.7.0/arm64-darwin21 -I/opt/homebrew/Cellar/ruby@2.7/2.7.6_1/include/ruby-2.7.0/ruby/backward -I/opt/homebrew/Cellar/ruby@2.7/2.7.6_1/include/ruby-2.7.0 -I.  -I/opt/homebrew/opt/libyaml/include -I/opt/homebrew/opt/openssl@1.1/include -I/opt/homebrew/opt/readline/include -D_XOPEN_SOURCE -D_DARWIN_C_SOURCE -D_DARWIN_UNLIMITED_SELECT -D_REENTRANT   -g -O2 -fno-common -pipe -std=c99 -m64 -Wno-declaration-after-statement -Werror -c conftest.c"
checked program was:
/* begin */
1: #include "ruby.h"
2: 
3: int main(int argc, char **argv)
4: {
5:   return !!argv[argc];
6: }
/* end */

--------------------

block in append_cflags: checking for whether -g is accepted as CFLAGS... -------------------- yes

"clang -I/opt/homebrew/Cellar/ruby@2.7/2.7.6_1/include/ruby-2.7.0/arm64-darwin21 -I/opt/homebrew/Cellar/ruby@2.7/2.7.6_1/include/ruby-2.7.0/ruby/backward -I/opt/homebrew/Cellar/ruby@2.7/2.7.6_1/include/ruby-2.7.0 -I.  -I/opt/homebrew/opt/libyaml/include -I/opt/homebrew/opt/openssl@1.1/include -I/opt/homebrew/opt/readline/include -D_XOPEN_SOURCE -D_DARWIN_C_SOURCE -D_DARWIN_UNLIMITED_SELECT -D_REENTRANT   -g -O2 -fno-common -pipe -std=c99 -Wno-declaration-after-statement -m64 -g -Werror -c conftest.c"
checked program was:
/* begin */
1: #include "ruby.h"
2: 
3: int main(int argc, char **argv)
4: {
5:   return !!argv[argc];
6: }
/* end */

--------------------

block in append_cflags: checking for whether -Winline is accepted as CFLAGS... -------------------- yes

"clang -I/opt/homebrew/Cellar/ruby@2.7/2.7.6_1/include/ruby-2.7.0/arm64-darwin21 -I/opt/homebrew/Cellar/ruby@2.7/2.7.6_1/include/ruby-2.7.0/ruby/backward -I/opt/homebrew/Cellar/ruby@2.7/2.7.6_1/include/ruby-2.7.0 -I.  -I/opt/homebrew/opt/libyaml/include -I/opt/homebrew/opt/openssl@1.1/include -I/opt/homebrew/opt/readline/include -D_XOPEN_SOURCE -D_DARWIN_C_SOURCE -D_DARWIN_UNLIMITED_SELECT -D_REENTRANT   -g -O2 -fno-common -pipe -std=c99 -Wno-declaration-after-statement -g -m64 -Winline -Werror -c conftest.c"
checked program was:
/* begin */
1: #include "ruby.h"
2: 
3: int main(int argc, char **argv)
4: {
5:   return !!argv[argc];
6: }
/* end */

--------------------

block in append_cflags: checking for whether -Wmissing-noreturn is accepted as CFLAGS... -------------------- yes

"clang -I/opt/homebrew/Cellar/ruby@2.7/2.7.6_1/include/ruby-2.7.0/arm64-darwin21 -I/opt/homebrew/Cellar/ruby@2.7/2.7.6_1/include/ruby-2.7.0/ruby/backward -I/opt/homebrew/Cellar/ruby@2.7/2.7.6_1/include/ruby-2.7.0 -I.  -I/opt/homebrew/opt/libyaml/include -I/opt/homebrew/opt/openssl@1.1/include -I/opt/homebrew/opt/readline/include -D_XOPEN_SOURCE -D_DARWIN_C_SOURCE -D_DARWIN_UNLIMITED_SELECT -D_REENTRANT   -g -O2 -fno-common -pipe -std=c99 -Wno-declaration-after-statement -g -Winline -m64 -Wmissing-noreturn -Werror -c conftest.c"
checked program was:
/* begin */
1: #include "ruby.h"
2: 
3: int main(int argc, char **argv)
4: {
5:   return !!argv[argc];
6: }
/* end */

--------------------

block in append_cflags: checking for whether -Wno-error=unused-command-line-argument-hard-error-in-future is accepted as CFLAGS... -------------------- no

"clang -I/opt/homebrew/Cellar/ruby@2.7/2.7.6_1/include/ruby-2.7.0/arm64-darwin21 -I/opt/homebrew/Cellar/ruby@2.7/2.7.6_1/include/ruby-2.7.0/ruby/backward -I/opt/homebrew/Cellar/ruby@2.7/2.7.6_1/include/ruby-2.7.0 -I.  -I/opt/homebrew/opt/libyaml/include -I/opt/homebrew/opt/openssl@1.1/include -I/opt/homebrew/opt/readline/include -D_XOPEN_SOURCE -D_DARWIN_C_SOURCE -D_DARWIN_UNLIMITED_SELECT -D_REENTRANT   -g -O2 -fno-common -pipe -std=c99 -Wno-declaration-after-statement -g -Winline -Wmissing-noreturn -m64 -Wno-error=unused-command-line-argument-hard-error-in-future -Werror -c conftest.c"
error: unknown warning option '-Werror=unused-command-line-argument-hard-error-in-future'; did you mean '-Werror=unused-command-line-argument'? [-Werror,-Wunknown-warning-option]
checked program was:
/* begin */
1: #include "ruby.h"
2: 
3: int main(int argc, char **argv)
4: {
5:   return !!argv[argc];
6: }
/* end */

--------------------

block in append_cppflags: checking for whether -I/Library/Developer/CommandLineTools/SDKs/MacOSX.sdk/usr/include/libxml2 is accepted as CPPFLAGS... -------------------- yes

"clang -E -I/opt/homebrew/Cellar/ruby@2.7/2.7.6_1/include/ruby-2.7.0/arm64-darwin21 -I/opt/homebrew/Cellar/ruby@2.7/2.7.6_1/include/ruby-2.7.0/ruby/backward -I/opt/homebrew/Cellar/ruby@2.7/2.7.6_1/include/ruby-2.7.0 -I.  -I/opt/homebrew/opt/libyaml/include -I/opt/homebrew/opt/openssl@1.1/include -I/opt/homebrew/opt/readline/include -D_XOPEN_SOURCE -D_DARWIN_C_SOURCE -D_DARWIN_UNLIMITED_SELECT -D_REENTRANT   -g -O2 -fno-common -pipe -std=c99 -Wno-declaration-after-statement -g -Winline -Wmissing-noreturn -I/Library/Developer/CommandLineTools/SDKs/MacOSX.sdk/usr/include/libxml2 conftest.c -o conftest.i"
checked program was:
/* begin */
1: #include "ruby.h"
2: 
3: int main(int argc, char **argv)
4: {
5:   return !!argv[argc];
6: }
/* end */

--------------------

have_library: checking for gzdopen() in -lz... -------------------- yes

"clang -o conftest -I/opt/homebrew/Cellar/ruby@2.7/2.7.6_1/include/ruby-2.7.0/arm64-darwin21 -I/opt/homebrew/Cellar/ruby@2.7/2.7.6_1/include/ruby-2.7.0/ruby/backward -I/opt/homebrew/Cellar/ruby@2.7/2.7.6_1/include/ruby-2.7.0 -I.  -I/opt/homebrew/opt/libyaml/include -I/opt/homebrew/opt/openssl@1.1/include -I/opt/homebrew/opt/readline/include -D_XOPEN_SOURCE -D_DARWIN_C_SOURCE -D_DARWIN_UNLIMITED_SELECT -D_REENTRANT   -I/Library/Developer/CommandLineTools/SDKs/MacOSX.sdk/usr/include/libxml2 -g -O2 -fno-common -pipe -std=c99 -Wno-declaration-after-statement -g -Winline -Wmissing-noreturn conftest.c  -L. -L/opt/homebrew/Cellar/ruby@2.7/2.7.6_1/lib -L/opt/homebrew/opt/libyaml/lib -L/opt/homebrew/opt/openssl@1.1/lib -L/opt/homebrew/opt/readline/lib -L. -fstack-protector-strong -L/opt/homebrew/lib -L/opt/homebrew/opt/libyaml/lib -L/opt/homebrew/opt/openssl@1.1/lib -L/opt/homebrew/opt/readline/lib  -m64   -lruby.2.7 -lz   "
checked program was:
/* begin */
 1: #include "ruby.h"
 2: 
 3: #include <zlib.h>
 4: 
 5: /*top*/
 6: extern int t(void);
 7: int main(int argc, char **argv)
 8: {
 9:   if (argc > 1000000) {
10:     int (* volatile tp)(void)=(int (*)(void))&t;
11:     printf("%d", (*tp)());
12:   }
13: 
14:   return !!argv[argc];
15: }
16: int t(void) { void ((*volatile p)()); p = (void ((*)()))gzdopen; return !p; }
/* end */

--------------------

have_library: checking for xmlParseDoc() in -lxml2... -------------------- yes

"clang -o conftest -I/opt/homebrew/Cellar/ruby@2.7/2.7.6_1/include/ruby-2.7.0/arm64-darwin21 -I/opt/homebrew/Cellar/ruby@2.7/2.7.6_1/include/ruby-2.7.0/ruby/backward -I/opt/homebrew/Cellar/ruby@2.7/2.7.6_1/include/ruby-2.7.0 -I.  -I/opt/homebrew/opt/libyaml/include -I/opt/homebrew/opt/openssl@1.1/include -I/opt/homebrew/opt/readline/include -D_XOPEN_SOURCE -D_DARWIN_C_SOURCE -D_DARWIN_UNLIMITED_SELECT -D_REENTRANT   -I/Library/Developer/CommandLineTools/SDKs/MacOSX.sdk/usr/include/libxml2 -g -O2 -fno-common -pipe -std=c99 -Wno-declaration-after-statement -g -Winline -Wmissing-noreturn conftest.c  -L. -L/opt/homebrew/Cellar/ruby@2.7/2.7.6_1/lib -L/opt/homebrew/opt/libyaml/lib -L/opt/homebrew/opt/openssl@1.1/lib -L/opt/homebrew/opt/readline/lib -L. -fstack-protector-strong -L/opt/homebrew/lib -L/opt/homebrew/opt/libyaml/lib -L/opt/homebrew/opt/openssl@1.1/lib -L/opt/homebrew/opt/readline/lib  -m64  -lz  -lruby.2.7 -lxml2 -lz   "
checked program was:
/* begin */
 1: #include "ruby.h"
 2: 
 3: #include <libxml/parser.h>
 4: 
 5: /*top*/
 6: extern int t(void);
 7: int main(int argc, char **argv)
 8: {
 9:   if (argc > 1000000) {
10:     int (* volatile tp)(void)=(int (*)(void))&t;
11:     printf("%d", (*tp)());
12:   }
13: 
14:   return !!argv[argc];
15: }
16: int t(void) { void ((*volatile p)()); p = (void ((*)()))xmlParseDoc; return !p; }
/* end */

--------------------

have_library: checking for xsltParseStylesheetDoc() in -lxslt... -------------------- yes

"clang -o conftest -I/opt/homebrew/Cellar/ruby@2.7/2.7.6_1/include/ruby-2.7.0/arm64-darwin21 -I/opt/homebrew/Cellar/ruby@2.7/2.7.6_1/include/ruby-2.7.0/ruby/backward -I/opt/homebrew/Cellar/ruby@2.7/2.7.6_1/include/ruby-2.7.0 -I.  -I/opt/homebrew/opt/libyaml/include -I/opt/homebrew/opt/openssl@1.1/include -I/opt/homebrew/opt/readline/include -D_XOPEN_SOURCE -D_DARWIN_C_SOURCE -D_DARWIN_UNLIMITED_SELECT -D_REENTRANT   -I/Library/Developer/CommandLineTools/SDKs/MacOSX.sdk/usr/include/libxml2 -g -O2 -fno-common -pipe -std=c99 -Wno-declaration-after-statement -g -Winline -Wmissing-noreturn conftest.c  -L. -L/opt/homebrew/Cellar/ruby@2.7/2.7.6_1/lib -L/opt/homebrew/opt/libyaml/lib -L/opt/homebrew/opt/openssl@1.1/lib -L/opt/homebrew/opt/readline/lib -L. -fstack-protector-strong -L/opt/homebrew/lib -L/opt/homebrew/opt/libyaml/lib -L/opt/homebrew/opt/openssl@1.1/lib -L/opt/homebrew/opt/readline/lib  -m64  -lxml2 -lz  -lruby.2.7 -lxslt -lxml2 -lz   "
conftest.c:16:57: error: use of undeclared identifier 'xsltParseStylesheetDoc'
int t(void) { void ((*volatile p)()); p = (void ((*)()))xsltParseStylesheetDoc; return !p; }
                                                        ^
1 error generated.
checked program was:
/* begin */
 1: #include "ruby.h"
 2: 
 3: #include <libxslt/xslt.h>
 4: 
 5: /*top*/
 6: extern int t(void);
 7: int main(int argc, char **argv)
 8: {
 9:   if (argc > 1000000) {
10:     int (* volatile tp)(void)=(int (*)(void))&t;
11:     printf("%d", (*tp)());
12:   }
13: 
14:   return !!argv[argc];
15: }
16: int t(void) { void ((*volatile p)()); p = (void ((*)()))xsltParseStylesheetDoc; return !p; }
/* end */

"clang -o conftest -I/opt/homebrew/Cellar/ruby@2.7/2.7.6_1/include/ruby-2.7.0/arm64-darwin21 -I/opt/homebrew/Cellar/ruby@2.7/2.7.6_1/include/ruby-2.7.0/ruby/backward -I/opt/homebrew/Cellar/ruby@2.7/2.7.6_1/include/ruby-2.7.0 -I.  -I/opt/homebrew/opt/libyaml/include -I/opt/homebrew/opt/openssl@1.1/include -I/opt/homebrew/opt/readline/include -D_XOPEN_SOURCE -D_DARWIN_C_SOURCE -D_DARWIN_UNLIMITED_SELECT -D_REENTRANT   -I/Library/Developer/CommandLineTools/SDKs/MacOSX.sdk/usr/include/libxml2 -g -O2 -fno-common -pipe -std=c99 -Wno-declaration-after-statement -g -Winline -Wmissing-noreturn conftest.c  -L. -L/opt/homebrew/Cellar/ruby@2.7/2.7.6_1/lib -L/opt/homebrew/opt/libyaml/lib -L/opt/homebrew/opt/openssl@1.1/lib -L/opt/homebrew/opt/readline/lib -L. -fstack-protector-strong -L/opt/homebrew/lib -L/opt/homebrew/opt/libyaml/lib -L/opt/homebrew/opt/openssl@1.1/lib -L/opt/homebrew/opt/readline/lib  -m64  -lxml2 -lz  -lruby.2.7 -lxslt -lxml2 -lz   "
checked program was:
/* begin */
 1: #include "ruby.h"
 2: 
 3: #include <libxslt/xslt.h>
 4: 
 5: /*top*/
 6: extern int t(void);
 7: int main(int argc, char **argv)
 8: {
 9:   if (argc > 1000000) {
10:     int (* volatile tp)(void)=(int (*)(void))&t;
11:     printf("%d", (*tp)());
12:   }
13: 
14:   return !!argv[argc];
15: }
16: extern void xsltParseStylesheetDoc();
17: int t(void) { xsltParseStylesheetDoc(); return 0; }
/* end */

--------------------

have_library: checking for exsltFuncRegister() in -lexslt... -------------------- yes

"clang -o conftest -I/opt/homebrew/Cellar/ruby@2.7/2.7.6_1/include/ruby-2.7.0/arm64-darwin21 -I/opt/homebrew/Cellar/ruby@2.7/2.7.6_1/include/ruby-2.7.0/ruby/backward -I/opt/homebrew/Cellar/ruby@2.7/2.7.6_1/include/ruby-2.7.0 -I.  -I/opt/homebrew/opt/libyaml/include -I/opt/homebrew/opt/openssl@1.1/include -I/opt/homebrew/opt/readline/include -D_XOPEN_SOURCE -D_DARWIN_C_SOURCE -D_DARWIN_UNLIMITED_SELECT -D_REENTRANT   -I/Library/Developer/CommandLineTools/SDKs/MacOSX.sdk/usr/include/libxml2 -g -O2 -fno-common -pipe -std=c99 -Wno-declaration-after-statement -g -Winline -Wmissing-noreturn conftest.c  -L. -L/opt/homebrew/Cellar/ruby@2.7/2.7.6_1/lib -L/opt/homebrew/opt/libyaml/lib -L/opt/homebrew/opt/openssl@1.1/lib -L/opt/homebrew/opt/readline/lib -L. -fstack-protector-strong -L/opt/homebrew/lib -L/opt/homebrew/opt/libyaml/lib -L/opt/homebrew/opt/openssl@1.1/lib -L/opt/homebrew/opt/readline/lib  -m64  -lxslt -lxml2 -lz  -lruby.2.7 -lexslt -lxslt -lxml2 -lz   "
checked program was:
/* begin */
 1: #include "ruby.h"
 2: 
 3: #include <libexslt/exslt.h>
 4: 
 5: /*top*/
 6: extern int t(void);
 7: int main(int argc, char **argv)
 8: {
 9:   if (argc > 1000000) {
10:     int (* volatile tp)(void)=(int (*)(void))&t;
11:     printf("%d", (*tp)());
12:   }
13: 
14:   return !!argv[argc];
15: }
16: int t(void) { void ((*volatile p)()); p = (void ((*)()))exsltFuncRegister; return !p; }
/* end */

--------------------

"clang -E -I/opt/homebrew/Cellar/ruby@2.7/2.7.6_1/include/ruby-2.7.0/arm64-darwin21 -I/opt/homebrew/Cellar/ruby@2.7/2.7.6_1/include/ruby-2.7.0/ruby/backward -I/opt/homebrew/Cellar/ruby@2.7/2.7.6_1/include/ruby-2.7.0 -I.  -I/opt/homebrew/opt/libyaml/include -I/opt/homebrew/opt/openssl@1.1/include -I/opt/homebrew/opt/readline/include -D_XOPEN_SOURCE -D_DARWIN_C_SOURCE -D_DARWIN_UNLIMITED_SELECT -D_REENTRANT   -I/Library/Developer/CommandLineTools/SDKs/MacOSX.sdk/usr/include/libxml2 -g -O2 -fno-common -pipe -std=c99 -Wno-declaration-after-statement -g -Winline -Wmissing-noreturn  conftest.c -o conftest.i"
checked program was:
/* begin */
1: #include "ruby.h"
2: 
3: #include <libxml/xmlversion.h>
4: #if LIBXML_VERSION < 20621
5: #  error libxml2 is older than 2.6.21
6: #endif
/* end */

"clang -E -I/opt/homebrew/Cellar/ruby@2.7/2.7.6_1/include/ruby-2.7.0/arm64-darwin21 -I/opt/homebrew/Cellar/ruby@2.7/2.7.6_1/include/ruby-2.7.0/ruby/backward -I/opt/homebrew/Cellar/ruby@2.7/2.7.6_1/include/ruby-2.7.0 -I.  -I/opt/homebrew/opt/libyaml/include -I/opt/homebrew/opt/openssl@1.1/include -I/opt/homebrew/opt/readline/include -D_XOPEN_SOURCE -D_DARWIN_C_SOURCE -D_DARWIN_UNLIMITED_SELECT -D_REENTRANT   -I/Library/Developer/CommandLineTools/SDKs/MacOSX.sdk/usr/include/libxml2 -g -O2 -fno-common -pipe -std=c99 -Wno-declaration-after-statement -g -Winline -Wmissing-noreturn  conftest.c -o conftest.i"
checked program was:
/* begin */
1: #include "ruby.h"
2: 
3: #include <libxml/xmlversion.h>
4: #if LIBXML_VERSION < 20903
5: #  error libxml2 is older than 2.9.3
6: #endif
/* end */

block in append_cppflags: checking for whether -I/Users/luodian/PycharmProjects/luodian.github.io/vendor/bundle/ruby/2.7.0/gems/nokogiri-1.13.8/ext/nokogiri/ports/arm64-darwin21/libgumbo/1.0.0-nokogiri/include is accepted as CPPFLAGS... -------------------- yes

"clang -E -I/opt/homebrew/Cellar/ruby@2.7/2.7.6_1/include/ruby-2.7.0/arm64-darwin21 -I/opt/homebrew/Cellar/ruby@2.7/2.7.6_1/include/ruby-2.7.0/ruby/backward -I/opt/homebrew/Cellar/ruby@2.7/2.7.6_1/include/ruby-2.7.0 -I.  -I/opt/homebrew/opt/libyaml/include -I/opt/homebrew/opt/openssl@1.1/include -I/opt/homebrew/opt/readline/include -D_XOPEN_SOURCE -D_DARWIN_C_SOURCE -D_DARWIN_UNLIMITED_SELECT -D_REENTRANT   -I/Library/Developer/CommandLineTools/SDKs/MacOSX.sdk/usr/include/libxml2 -g -O2 -fno-common -pipe -std=c99 -Wno-declaration-after-statement -g -Winline -Wmissing-noreturn -I/Users/luodian/PycharmProjects/luodian.github.io/vendor/bundle/ruby/2.7.0/gems/nokogiri-1.13.8/ext/nokogiri/ports/arm64-darwin21/libgumbo/1.0.0-nokogiri/include conftest.c -o conftest.i"
checked program was:
/* begin */
1: #include "ruby.h"
2: 
3: int main(int argc, char **argv)
4: {
5:   return !!argv[argc];
6: }
/* end */

--------------------

have_func: checking for gumbo_parse_with_options() in gumbo.h... -------------------- yes

"clang -o conftest -I/opt/homebrew/Cellar/ruby@2.7/2.7.6_1/include/ruby-2.7.0/arm64-darwin21 -I/opt/homebrew/Cellar/ruby@2.7/2.7.6_1/include/ruby-2.7.0/ruby/backward -I/opt/homebrew/Cellar/ruby@2.7/2.7.6_1/include/ruby-2.7.0 -I.  -I/opt/homebrew/opt/libyaml/include -I/opt/homebrew/opt/openssl@1.1/include -I/opt/homebrew/opt/readline/include -D_XOPEN_SOURCE -D_DARWIN_C_SOURCE -D_DARWIN_UNLIMITED_SELECT -D_REENTRANT   -I/Library/Developer/CommandLineTools/SDKs/MacOSX.sdk/usr/include/libxml2 -I/Users/luodian/PycharmProjects/luodian.github.io/vendor/bundle/ruby/2.7.0/gems/nokogiri-1.13.8/ext/nokogiri/ports/arm64-darwin21/libgumbo/1.0.0-nokogiri/include -g -O2 -fno-common -pipe -std=c99 -Wno-declaration-after-statement -g -Winline -Wmissing-noreturn conftest.c  -L. -L/opt/homebrew/Cellar/ruby@2.7/2.7.6_1/lib -L/opt/homebrew/opt/libyaml/lib -L/opt/homebrew/opt/openssl@1.1/lib -L/opt/homebrew/opt/readline/lib -L/Users/luodian/PycharmProjects/luodian.github.io/vendor/bundle/ruby/2.7.0/gems/nokogiri-1.13.8/ext/nokogiri/ports/arm64-darwin21/libgumbo/1.0.0-nokogiri/lib -L. -fstack-protector-strong -L/opt/homebrew/lib -L/opt/homebrew/opt/libyaml/lib -L/opt/homebrew/opt/openssl@1.1/lib -L/opt/homebrew/opt/readline/lib  -m64  -lexslt -lxslt -lxml2 -lz  /Users/luodian/PycharmProjects/luodian.github.io/vendor/bundle/ruby/2.7.0/gems/nokogiri-1.13.8/ext/nokogiri/ports/arm64-darwin21/libgumbo/1.0.0-nokogiri/lib/libgumbo.a -lruby.2.7 -lexslt -lxslt -lxml2 -lz  /Users/luodian/PycharmProjects/luodian.github.io/vendor/bundle/ruby/2.7.0/gems/nokogiri-1.13.8/ext/nokogiri/ports/arm64-darwin21/libgumbo/1.0.0-nokogiri/lib/libgumbo.a  "
checked program was:
/* begin */
 1: #include "ruby.h"
 2: 
 3: #include <gumbo.h>
 4: 
 5: /*top*/
 6: extern int t(void);
 7: int main(int argc, char **argv)
 8: {
 9:   if (argc > 1000000) {
10:     int (* volatile tp)(void)=(int (*)(void))&t;
11:     printf("%d", (*tp)());
12:   }
13: 
14:   return !!argv[argc];
15: }
16: int t(void) { void ((*volatile p)()); p = (void ((*)()))gumbo_parse_with_options; return !p; }
/* end */

--------------------

have_func: checking for xmlHasFeature()... -------------------- yes

"clang -o conftest -I/opt/homebrew/Cellar/ruby@2.7/2.7.6_1/include/ruby-2.7.0/arm64-darwin21 -I/opt/homebrew/Cellar/ruby@2.7/2.7.6_1/include/ruby-2.7.0/ruby/backward -I/opt/homebrew/Cellar/ruby@2.7/2.7.6_1/include/ruby-2.7.0 -I.  -I/opt/homebrew/opt/libyaml/include -I/opt/homebrew/opt/openssl@1.1/include -I/opt/homebrew/opt/readline/include -D_XOPEN_SOURCE -D_DARWIN_C_SOURCE -D_DARWIN_UNLIMITED_SELECT -D_REENTRANT   -I/Library/Developer/CommandLineTools/SDKs/MacOSX.sdk/usr/include/libxml2 -I/Users/luodian/PycharmProjects/luodian.github.io/vendor/bundle/ruby/2.7.0/gems/nokogiri-1.13.8/ext/nokogiri/ports/arm64-darwin21/libgumbo/1.0.0-nokogiri/include -g -O2 -fno-common -pipe -std=c99 -Wno-declaration-after-statement -g -Winline -Wmissing-noreturn conftest.c  -L. -L/opt/homebrew/Cellar/ruby@2.7/2.7.6_1/lib -L/opt/homebrew/opt/libyaml/lib -L/opt/homebrew/opt/openssl@1.1/lib -L/opt/homebrew/opt/readline/lib -L/Users/luodian/PycharmProjects/luodian.github.io/vendor/bundle/ruby/2.7.0/gems/nokogiri-1.13.8/ext/nokogiri/ports/arm64-darwin21/libgumbo/1.0.0-nokogiri/lib -L. -fstack-protector-strong -L/opt/homebrew/lib -L/opt/homebrew/opt/libyaml/lib -L/opt/homebrew/opt/openssl@1.1/lib -L/opt/homebrew/opt/readline/lib  -m64  -lexslt -lxslt -lxml2 -lz  /Users/luodian/PycharmProjects/luodian.github.io/vendor/bundle/ruby/2.7.0/gems/nokogiri-1.13.8/ext/nokogiri/ports/arm64-darwin21/libgumbo/1.0.0-nokogiri/lib/libgumbo.a -lruby.2.7 -lexslt -lxslt -lxml2 -lz  /Users/luodian/PycharmProjects/luodian.github.io/vendor/bundle/ruby/2.7.0/gems/nokogiri-1.13.8/ext/nokogiri/ports/arm64-darwin21/libgumbo/1.0.0-nokogiri/lib/libgumbo.a  "
conftest.c:14:57: error: use of undeclared identifier 'xmlHasFeature'
int t(void) { void ((*volatile p)()); p = (void ((*)()))xmlHasFeature; return !p; }
                                                        ^
1 error generated.
checked program was:
/* begin */
 1: #include "ruby.h"
 2: 
 3: /*top*/
 4: extern int t(void);
 5: int main(int argc, char **argv)
 6: {
 7:   if (argc > 1000000) {
 8:     int (* volatile tp)(void)=(int (*)(void))&t;
 9:     printf("%d", (*tp)());
10:   }
11: 
12:   return !!argv[argc];
13: }
14: int t(void) { void ((*volatile p)()); p = (void ((*)()))xmlHasFeature; return !p; }
/* end */

"clang -o conftest -I/opt/homebrew/Cellar/ruby@2.7/2.7.6_1/include/ruby-2.7.0/arm64-darwin21 -I/opt/homebrew/Cellar/ruby@2.7/2.7.6_1/include/ruby-2.7.0/ruby/backward -I/opt/homebrew/Cellar/ruby@2.7/2.7.6_1/include/ruby-2.7.0 -I.  -I/opt/homebrew/opt/libyaml/include -I/opt/homebrew/opt/openssl@1.1/include -I/opt/homebrew/opt/readline/include -D_XOPEN_SOURCE -D_DARWIN_C_SOURCE -D_DARWIN_UNLIMITED_SELECT -D_REENTRANT   -I/Library/Developer/CommandLineTools/SDKs/MacOSX.sdk/usr/include/libxml2 -I/Users/luodian/PycharmProjects/luodian.github.io/vendor/bundle/ruby/2.7.0/gems/nokogiri-1.13.8/ext/nokogiri/ports/arm64-darwin21/libgumbo/1.0.0-nokogiri/include -g -O2 -fno-common -pipe -std=c99 -Wno-declaration-after-statement -g -Winline -Wmissing-noreturn conftest.c  -L. -L/opt/homebrew/Cellar/ruby@2.7/2.7.6_1/lib -L/opt/homebrew/opt/libyaml/lib -L/opt/homebrew/opt/openssl@1.1/lib -L/opt/homebrew/opt/readline/lib -L/Users/luodian/PycharmProjects/luodian.github.io/vendor/bundle/ruby/2.7.0/gems/nokogiri-1.13.8/ext/nokogiri/ports/arm64-darwin21/libgumbo/1.0.0-nokogiri/lib -L. -fstack-protector-strong -L/opt/homebrew/lib -L/opt/homebrew/opt/libyaml/lib -L/opt/homebrew/opt/openssl@1.1/lib -L/opt/homebrew/opt/readline/lib  -m64  -lexslt -lxslt -lxml2 -lz  /Users/luodian/PycharmProjects/luodian.github.io/vendor/bundle/ruby/2.7.0/gems/nokogiri-1.13.8/ext/nokogiri/ports/arm64-darwin21/libgumbo/1.0.0-nokogiri/lib/libgumbo.a -lruby.2.7 -lexslt -lxslt -lxml2 -lz  /Users/luodian/PycharmProjects/luodian.github.io/vendor/bundle/ruby/2.7.0/gems/nokogiri-1.13.8/ext/nokogiri/ports/arm64-darwin21/libgumbo/1.0.0-nokogiri/lib/libgumbo.a  "
checked program was:
/* begin */
 1: #include "ruby.h"
 2: 
 3: /*top*/
 4: extern int t(void);
 5: int main(int argc, char **argv)
 6: {
 7:   if (argc > 1000000) {
 8:     int (* volatile tp)(void)=(int (*)(void))&t;
 9:     printf("%d", (*tp)());
10:   }
11: 
12:   return !!argv[argc];
13: }
14: extern void xmlHasFeature();
15: int t(void) { xmlHasFeature(); return 0; }
/* end */

--------------------

have_func: checking for xmlFirstElementChild()... -------------------- yes

"clang -o conftest -I/opt/homebrew/Cellar/ruby@2.7/2.7.6_1/include/ruby-2.7.0/arm64-darwin21 -I/opt/homebrew/Cellar/ruby@2.7/2.7.6_1/include/ruby-2.7.0/ruby/backward -I/opt/homebrew/Cellar/ruby@2.7/2.7.6_1/include/ruby-2.7.0 -I.  -I/opt/homebrew/opt/libyaml/include -I/opt/homebrew/opt/openssl@1.1/include -I/opt/homebrew/opt/readline/include -D_XOPEN_SOURCE -D_DARWIN_C_SOURCE -D_DARWIN_UNLIMITED_SELECT -D_REENTRANT   -I/Library/Developer/CommandLineTools/SDKs/MacOSX.sdk/usr/include/libxml2 -I/Users/luodian/PycharmProjects/luodian.github.io/vendor/bundle/ruby/2.7.0/gems/nokogiri-1.13.8/ext/nokogiri/ports/arm64-darwin21/libgumbo/1.0.0-nokogiri/include -g -O2 -fno-common -pipe -std=c99 -Wno-declaration-after-statement -g -Winline -Wmissing-noreturn conftest.c  -L. -L/opt/homebrew/Cellar/ruby@2.7/2.7.6_1/lib -L/opt/homebrew/opt/libyaml/lib -L/opt/homebrew/opt/openssl@1.1/lib -L/opt/homebrew/opt/readline/lib -L/Users/luodian/PycharmProjects/luodian.github.io/vendor/bundle/ruby/2.7.0/gems/nokogiri-1.13.8/ext/nokogiri/ports/arm64-darwin21/libgumbo/1.0.0-nokogiri/lib -L. -fstack-protector-strong -L/opt/homebrew/lib -L/opt/homebrew/opt/libyaml/lib -L/opt/homebrew/opt/openssl@1.1/lib -L/opt/homebrew/opt/readline/lib  -m64  -lexslt -lxslt -lxml2 -lz  /Users/luodian/PycharmProjects/luodian.github.io/vendor/bundle/ruby/2.7.0/gems/nokogiri-1.13.8/ext/nokogiri/ports/arm64-darwin21/libgumbo/1.0.0-nokogiri/lib/libgumbo.a -lruby.2.7 -lexslt -lxslt -lxml2 -lz  /Users/luodian/PycharmProjects/luodian.github.io/vendor/bundle/ruby/2.7.0/gems/nokogiri-1.13.8/ext/nokogiri/ports/arm64-darwin21/libgumbo/1.0.0-nokogiri/lib/libgumbo.a  "
conftest.c:14:57: error: use of undeclared identifier 'xmlFirstElementChild'
int t(void) { void ((*volatile p)()); p = (void ((*)()))xmlFirstElementChild; return !p; }
                                                        ^
1 error generated.
checked program was:
/* begin */
 1: #include "ruby.h"
 2: 
 3: /*top*/
 4: extern int t(void);
 5: int main(int argc, char **argv)
 6: {
 7:   if (argc > 1000000) {
 8:     int (* volatile tp)(void)=(int (*)(void))&t;
 9:     printf("%d", (*tp)());
10:   }
11: 
12:   return !!argv[argc];
13: }
14: int t(void) { void ((*volatile p)()); p = (void ((*)()))xmlFirstElementChild; return !p; }
/* end */

"clang -o conftest -I/opt/homebrew/Cellar/ruby@2.7/2.7.6_1/include/ruby-2.7.0/arm64-darwin21 -I/opt/homebrew/Cellar/ruby@2.7/2.7.6_1/include/ruby-2.7.0/ruby/backward -I/opt/homebrew/Cellar/ruby@2.7/2.7.6_1/include/ruby-2.7.0 -I.  -I/opt/homebrew/opt/libyaml/include -I/opt/homebrew/opt/openssl@1.1/include -I/opt/homebrew/opt/readline/include -D_XOPEN_SOURCE -D_DARWIN_C_SOURCE -D_DARWIN_UNLIMITED_SELECT -D_REENTRANT   -I/Library/Developer/CommandLineTools/SDKs/MacOSX.sdk/usr/include/libxml2 -I/Users/luodian/PycharmProjects/luodian.github.io/vendor/bundle/ruby/2.7.0/gems/nokogiri-1.13.8/ext/nokogiri/ports/arm64-darwin21/libgumbo/1.0.0-nokogiri/include -g -O2 -fno-common -pipe -std=c99 -Wno-declaration-after-statement -g -Winline -Wmissing-noreturn conftest.c  -L. -L/opt/homebrew/Cellar/ruby@2.7/2.7.6_1/lib -L/opt/homebrew/opt/libyaml/lib -L/opt/homebrew/opt/openssl@1.1/lib -L/opt/homebrew/opt/readline/lib -L/Users/luodian/PycharmProjects/luodian.github.io/vendor/bundle/ruby/2.7.0/gems/nokogiri-1.13.8/ext/nokogiri/ports/arm64-darwin21/libgumbo/1.0.0-nokogiri/lib -L. -fstack-protector-strong -L/opt/homebrew/lib -L/opt/homebrew/opt/libyaml/lib -L/opt/homebrew/opt/openssl@1.1/lib -L/opt/homebrew/opt/readline/lib  -m64  -lexslt -lxslt -lxml2 -lz  /Users/luodian/PycharmProjects/luodian.github.io/vendor/bundle/ruby/2.7.0/gems/nokogiri-1.13.8/ext/nokogiri/ports/arm64-darwin21/libgumbo/1.0.0-nokogiri/lib/libgumbo.a -lruby.2.7 -lexslt -lxslt -lxml2 -lz  /Users/luodian/PycharmProjects/luodian.github.io/vendor/bundle/ruby/2.7.0/gems/nokogiri-1.13.8/ext/nokogiri/ports/arm64-darwin21/libgumbo/1.0.0-nokogiri/lib/libgumbo.a  "
checked program was:
/* begin */
 1: #include "ruby.h"
 2: 
 3: /*top*/
 4: extern int t(void);
 5: int main(int argc, char **argv)
 6: {
 7:   if (argc > 1000000) {
 8:     int (* volatile tp)(void)=(int (*)(void))&t;
 9:     printf("%d", (*tp)());
10:   }
11: 
12:   return !!argv[argc];
13: }
14: extern void xmlFirstElementChild();
15: int t(void) { xmlFirstElementChild(); return 0; }
/* end */

--------------------

have_func: checking for xmlRelaxNGSetParserStructuredErrors()... -------------------- yes

"clang -o conftest -I/opt/homebrew/Cellar/ruby@2.7/2.7.6_1/include/ruby-2.7.0/arm64-darwin21 -I/opt/homebrew/Cellar/ruby@2.7/2.7.6_1/include/ruby-2.7.0/ruby/backward -I/opt/homebrew/Cellar/ruby@2.7/2.7.6_1/include/ruby-2.7.0 -I.  -I/opt/homebrew/opt/libyaml/include -I/opt/homebrew/opt/openssl@1.1/include -I/opt/homebrew/opt/readline/include -D_XOPEN_SOURCE -D_DARWIN_C_SOURCE -D_DARWIN_UNLIMITED_SELECT -D_REENTRANT   -I/Library/Developer/CommandLineTools/SDKs/MacOSX.sdk/usr/include/libxml2 -I/Users/luodian/PycharmProjects/luodian.github.io/vendor/bundle/ruby/2.7.0/gems/nokogiri-1.13.8/ext/nokogiri/ports/arm64-darwin21/libgumbo/1.0.0-nokogiri/include -g -O2 -fno-common -pipe -std=c99 -Wno-declaration-after-statement -g -Winline -Wmissing-noreturn conftest.c  -L. -L/opt/homebrew/Cellar/ruby@2.7/2.7.6_1/lib -L/opt/homebrew/opt/libyaml/lib -L/opt/homebrew/opt/openssl@1.1/lib -L/opt/homebrew/opt/readline/lib -L/Users/luodian/PycharmProjects/luodian.github.io/vendor/bundle/ruby/2.7.0/gems/nokogiri-1.13.8/ext/nokogiri/ports/arm64-darwin21/libgumbo/1.0.0-nokogiri/lib -L. -fstack-protector-strong -L/opt/homebrew/lib -L/opt/homebrew/opt/libyaml/lib -L/opt/homebrew/opt/openssl@1.1/lib -L/opt/homebrew/opt/readline/lib  -m64  -lexslt -lxslt -lxml2 -lz  /Users/luodian/PycharmProjects/luodian.github.io/vendor/bundle/ruby/2.7.0/gems/nokogiri-1.13.8/ext/nokogiri/ports/arm64-darwin21/libgumbo/1.0.0-nokogiri/lib/libgumbo.a -lruby.2.7 -lexslt -lxslt -lxml2 -lz  /Users/luodian/PycharmProjects/luodian.github.io/vendor/bundle/ruby/2.7.0/gems/nokogiri-1.13.8/ext/nokogiri/ports/arm64-darwin21/libgumbo/1.0.0-nokogiri/lib/libgumbo.a  "
conftest.c:14:57: error: use of undeclared identifier 'xmlRelaxNGSetParserStructuredErrors'
int t(void) { void ((*volatile p)()); p = (void ((*)()))xmlRelaxNGSetParserStructuredErrors; return !p; }
                                                        ^
1 error generated.
checked program was:
/* begin */
 1: #include "ruby.h"
 2: 
 3: /*top*/
 4: extern int t(void);
 5: int main(int argc, char **argv)
 6: {
 7:   if (argc > 1000000) {
 8:     int (* volatile tp)(void)=(int (*)(void))&t;
 9:     printf("%d", (*tp)());
10:   }
11: 
12:   return !!argv[argc];
13: }
14: int t(void) { void ((*volatile p)()); p = (void ((*)()))xmlRelaxNGSetParserStructuredErrors; return !p; }
/* end */

"clang -o conftest -I/opt/homebrew/Cellar/ruby@2.7/2.7.6_1/include/ruby-2.7.0/arm64-darwin21 -I/opt/homebrew/Cellar/ruby@2.7/2.7.6_1/include/ruby-2.7.0/ruby/backward -I/opt/homebrew/Cellar/ruby@2.7/2.7.6_1/include/ruby-2.7.0 -I.  -I/opt/homebrew/opt/libyaml/include -I/opt/homebrew/opt/openssl@1.1/include -I/opt/homebrew/opt/readline/include -D_XOPEN_SOURCE -D_DARWIN_C_SOURCE -D_DARWIN_UNLIMITED_SELECT -D_REENTRANT   -I/Library/Developer/CommandLineTools/SDKs/MacOSX.sdk/usr/include/libxml2 -I/Users/luodian/PycharmProjects/luodian.github.io/vendor/bundle/ruby/2.7.0/gems/nokogiri-1.13.8/ext/nokogiri/ports/arm64-darwin21/libgumbo/1.0.0-nokogiri/include -g -O2 -fno-common -pipe -std=c99 -Wno-declaration-after-statement -g -Winline -Wmissing-noreturn conftest.c  -L. -L/opt/homebrew/Cellar/ruby@2.7/2.7.6_1/lib -L/opt/homebrew/opt/libyaml/lib -L/opt/homebrew/opt/openssl@1.1/lib -L/opt/homebrew/opt/readline/lib -L/Users/luodian/PycharmProjects/luodian.github.io/vendor/bundle/ruby/2.7.0/gems/nokogiri-1.13.8/ext/nokogiri/ports/arm64-darwin21/libgumbo/1.0.0-nokogiri/lib -L. -fstack-protector-strong -L/opt/homebrew/lib -L/opt/homebrew/opt/libyaml/lib -L/opt/homebrew/opt/openssl@1.1/lib -L/opt/homebrew/opt/readline/lib  -m64  -lexslt -lxslt -lxml2 -lz  /Users/luodian/PycharmProjects/luodian.github.io/vendor/bundle/ruby/2.7.0/gems/nokogiri-1.13.8/ext/nokogiri/ports/arm64-darwin21/libgumbo/1.0.0-nokogiri/lib/libgumbo.a -lruby.2.7 -lexslt -lxslt -lxml2 -lz  /Users/luodian/PycharmProjects/luodian.github.io/vendor/bundle/ruby/2.7.0/gems/nokogiri-1.13.8/ext/nokogiri/ports/arm64-darwin21/libgumbo/1.0.0-nokogiri/lib/libgumbo.a  "
checked program was:
/* begin */
 1: #include "ruby.h"
 2: 
 3: /*top*/
 4: extern int t(void);
 5: int main(int argc, char **argv)
 6: {
 7:   if (argc > 1000000) {
 8:     int (* volatile tp)(void)=(int (*)(void))&t;
 9:     printf("%d", (*tp)());
10:   }
11: 
12:   return !!argv[argc];
13: }
14: extern void xmlRelaxNGSetParserStructuredErrors();
15: int t(void) { xmlRelaxNGSetParserStructuredErrors(); return 0; }
/* end */

--------------------

have_func: checking for xmlRelaxNGSetValidStructuredErrors()... -------------------- yes

"clang -o conftest -I/opt/homebrew/Cellar/ruby@2.7/2.7.6_1/include/ruby-2.7.0/arm64-darwin21 -I/opt/homebrew/Cellar/ruby@2.7/2.7.6_1/include/ruby-2.7.0/ruby/backward -I/opt/homebrew/Cellar/ruby@2.7/2.7.6_1/include/ruby-2.7.0 -I.  -I/opt/homebrew/opt/libyaml/include -I/opt/homebrew/opt/openssl@1.1/include -I/opt/homebrew/opt/readline/include -D_XOPEN_SOURCE -D_DARWIN_C_SOURCE -D_DARWIN_UNLIMITED_SELECT -D_REENTRANT   -I/Library/Developer/CommandLineTools/SDKs/MacOSX.sdk/usr/include/libxml2 -I/Users/luodian/PycharmProjects/luodian.github.io/vendor/bundle/ruby/2.7.0/gems/nokogiri-1.13.8/ext/nokogiri/ports/arm64-darwin21/libgumbo/1.0.0-nokogiri/include -g -O2 -fno-common -pipe -std=c99 -Wno-declaration-after-statement -g -Winline -Wmissing-noreturn conftest.c  -L. -L/opt/homebrew/Cellar/ruby@2.7/2.7.6_1/lib -L/opt/homebrew/opt/libyaml/lib -L/opt/homebrew/opt/openssl@1.1/lib -L/opt/homebrew/opt/readline/lib -L/Users/luodian/PycharmProjects/luodian.github.io/vendor/bundle/ruby/2.7.0/gems/nokogiri-1.13.8/ext/nokogiri/ports/arm64-darwin21/libgumbo/1.0.0-nokogiri/lib -L. -fstack-protector-strong -L/opt/homebrew/lib -L/opt/homebrew/opt/libyaml/lib -L/opt/homebrew/opt/openssl@1.1/lib -L/opt/homebrew/opt/readline/lib  -m64  -lexslt -lxslt -lxml2 -lz  /Users/luodian/PycharmProjects/luodian.github.io/vendor/bundle/ruby/2.7.0/gems/nokogiri-1.13.8/ext/nokogiri/ports/arm64-darwin21/libgumbo/1.0.0-nokogiri/lib/libgumbo.a -lruby.2.7 -lexslt -lxslt -lxml2 -lz  /Users/luodian/PycharmProjects/luodian.github.io/vendor/bundle/ruby/2.7.0/gems/nokogiri-1.13.8/ext/nokogiri/ports/arm64-darwin21/libgumbo/1.0.0-nokogiri/lib/libgumbo.a  "
conftest.c:14:57: error: use of undeclared identifier 'xmlRelaxNGSetValidStructuredErrors'
int t(void) { void ((*volatile p)()); p = (void ((*)()))xmlRelaxNGSetValidStructuredErrors; return !p; }
                                                        ^
1 error generated.
checked program was:
/* begin */
 1: #include "ruby.h"
 2: 
 3: /*top*/
 4: extern int t(void);
 5: int main(int argc, char **argv)
 6: {
 7:   if (argc > 1000000) {
 8:     int (* volatile tp)(void)=(int (*)(void))&t;
 9:     printf("%d", (*tp)());
10:   }
11: 
12:   return !!argv[argc];
13: }
14: int t(void) { void ((*volatile p)()); p = (void ((*)()))xmlRelaxNGSetValidStructuredErrors; return !p; }
/* end */

"clang -o conftest -I/opt/homebrew/Cellar/ruby@2.7/2.7.6_1/include/ruby-2.7.0/arm64-darwin21 -I/opt/homebrew/Cellar/ruby@2.7/2.7.6_1/include/ruby-2.7.0/ruby/backward -I/opt/homebrew/Cellar/ruby@2.7/2.7.6_1/include/ruby-2.7.0 -I.  -I/opt/homebrew/opt/libyaml/include -I/opt/homebrew/opt/openssl@1.1/include -I/opt/homebrew/opt/readline/include -D_XOPEN_SOURCE -D_DARWIN_C_SOURCE -D_DARWIN_UNLIMITED_SELECT -D_REENTRANT   -I/Library/Developer/CommandLineTools/SDKs/MacOSX.sdk/usr/include/libxml2 -I/Users/luodian/PycharmProjects/luodian.github.io/vendor/bundle/ruby/2.7.0/gems/nokogiri-1.13.8/ext/nokogiri/ports/arm64-darwin21/libgumbo/1.0.0-nokogiri/include -g -O2 -fno-common -pipe -std=c99 -Wno-declaration-after-statement -g -Winline -Wmissing-noreturn conftest.c  -L. -L/opt/homebrew/Cellar/ruby@2.7/2.7.6_1/lib -L/opt/homebrew/opt/libyaml/lib -L/opt/homebrew/opt/openssl@1.1/lib -L/opt/homebrew/opt/readline/lib -L/Users/luodian/PycharmProjects/luodian.github.io/vendor/bundle/ruby/2.7.0/gems/nokogiri-1.13.8/ext/nokogiri/ports/arm64-darwin21/libgumbo/1.0.0-nokogiri/lib -L. -fstack-protector-strong -L/opt/homebrew/lib -L/opt/homebrew/opt/libyaml/lib -L/opt/homebrew/opt/openssl@1.1/lib -L/opt/homebrew/opt/readline/lib  -m64  -lexslt -lxslt -lxml2 -lz  /Users/luodian/PycharmProjects/luodian.github.io/vendor/bundle/ruby/2.7.0/gems/nokogiri-1.13.8/ext/nokogiri/ports/arm64-darwin21/libgumbo/1.0.0-nokogiri/lib/libgumbo.a -lruby.2.7 -lexslt -lxslt -lxml2 -lz  /Users/luodian/PycharmProjects/luodian.github.io/vendor/bundle/ruby/2.7.0/gems/nokogiri-1.13.8/ext/nokogiri/ports/arm64-darwin21/libgumbo/1.0.0-nokogiri/lib/libgumbo.a  "
checked program was:
/* begin */
 1: #include "ruby.h"
 2: 
 3: /*top*/
 4: extern int t(void);
 5: int main(int argc, char **argv)
 6: {
 7:   if (argc > 1000000) {
 8:     int (* volatile tp)(void)=(int (*)(void))&t;
 9:     printf("%d", (*tp)());
10:   }
11: 
12:   return !!argv[argc];
13: }
14: extern void xmlRelaxNGSetValidStructuredErrors();
15: int t(void) { xmlRelaxNGSetValidStructuredErrors(); return 0; }
/* end */

--------------------

have_func: checking for xmlSchemaSetValidStructuredErrors()... -------------------- yes

"clang -o conftest -I/opt/homebrew/Cellar/ruby@2.7/2.7.6_1/include/ruby-2.7.0/arm64-darwin21 -I/opt/homebrew/Cellar/ruby@2.7/2.7.6_1/include/ruby-2.7.0/ruby/backward -I/opt/homebrew/Cellar/ruby@2.7/2.7.6_1/include/ruby-2.7.0 -I.  -I/opt/homebrew/opt/libyaml/include -I/opt/homebrew/opt/openssl@1.1/include -I/opt/homebrew/opt/readline/include -D_XOPEN_SOURCE -D_DARWIN_C_SOURCE -D_DARWIN_UNLIMITED_SELECT -D_REENTRANT   -I/Library/Developer/CommandLineTools/SDKs/MacOSX.sdk/usr/include/libxml2 -I/Users/luodian/PycharmProjects/luodian.github.io/vendor/bundle/ruby/2.7.0/gems/nokogiri-1.13.8/ext/nokogiri/ports/arm64-darwin21/libgumbo/1.0.0-nokogiri/include -g -O2 -fno-common -pipe -std=c99 -Wno-declaration-after-statement -g -Winline -Wmissing-noreturn conftest.c  -L. -L/opt/homebrew/Cellar/ruby@2.7/2.7.6_1/lib -L/opt/homebrew/opt/libyaml/lib -L/opt/homebrew/opt/openssl@1.1/lib -L/opt/homebrew/opt/readline/lib -L/Users/luodian/PycharmProjects/luodian.github.io/vendor/bundle/ruby/2.7.0/gems/nokogiri-1.13.8/ext/nokogiri/ports/arm64-darwin21/libgumbo/1.0.0-nokogiri/lib -L. -fstack-protector-strong -L/opt/homebrew/lib -L/opt/homebrew/opt/libyaml/lib -L/opt/homebrew/opt/openssl@1.1/lib -L/opt/homebrew/opt/readline/lib  -m64  -lexslt -lxslt -lxml2 -lz  /Users/luodian/PycharmProjects/luodian.github.io/vendor/bundle/ruby/2.7.0/gems/nokogiri-1.13.8/ext/nokogiri/ports/arm64-darwin21/libgumbo/1.0.0-nokogiri/lib/libgumbo.a -lruby.2.7 -lexslt -lxslt -lxml2 -lz  /Users/luodian/PycharmProjects/luodian.github.io/vendor/bundle/ruby/2.7.0/gems/nokogiri-1.13.8/ext/nokogiri/ports/arm64-darwin21/libgumbo/1.0.0-nokogiri/lib/libgumbo.a  "
conftest.c:14:57: error: use of undeclared identifier 'xmlSchemaSetValidStructuredErrors'
int t(void) { void ((*volatile p)()); p = (void ((*)()))xmlSchemaSetValidStructuredErrors; return !p; }
                                                        ^
1 error generated.
checked program was:
/* begin */
 1: #include "ruby.h"
 2: 
 3: /*top*/
 4: extern int t(void);
 5: int main(int argc, char **argv)
 6: {
 7:   if (argc > 1000000) {
 8:     int (* volatile tp)(void)=(int (*)(void))&t;
 9:     printf("%d", (*tp)());
10:   }
11: 
12:   return !!argv[argc];
13: }
14: int t(void) { void ((*volatile p)()); p = (void ((*)()))xmlSchemaSetValidStructuredErrors; return !p; }
/* end */

"clang -o conftest -I/opt/homebrew/Cellar/ruby@2.7/2.7.6_1/include/ruby-2.7.0/arm64-darwin21 -I/opt/homebrew/Cellar/ruby@2.7/2.7.6_1/include/ruby-2.7.0/ruby/backward -I/opt/homebrew/Cellar/ruby@2.7/2.7.6_1/include/ruby-2.7.0 -I.  -I/opt/homebrew/opt/libyaml/include -I/opt/homebrew/opt/openssl@1.1/include -I/opt/homebrew/opt/readline/include -D_XOPEN_SOURCE -D_DARWIN_C_SOURCE -D_DARWIN_UNLIMITED_SELECT -D_REENTRANT   -I/Library/Developer/CommandLineTools/SDKs/MacOSX.sdk/usr/include/libxml2 -I/Users/luodian/PycharmProjects/luodian.github.io/vendor/bundle/ruby/2.7.0/gems/nokogiri-1.13.8/ext/nokogiri/ports/arm64-darwin21/libgumbo/1.0.0-nokogiri/include -g -O2 -fno-common -pipe -std=c99 -Wno-declaration-after-statement -g -Winline -Wmissing-noreturn conftest.c  -L. -L/opt/homebrew/Cellar/ruby@2.7/2.7.6_1/lib -L/opt/homebrew/opt/libyaml/lib -L/opt/homebrew/opt/openssl@1.1/lib -L/opt/homebrew/opt/readline/lib -L/Users/luodian/PycharmProjects/luodian.github.io/vendor/bundle/ruby/2.7.0/gems/nokogiri-1.13.8/ext/nokogiri/ports/arm64-darwin21/libgumbo/1.0.0-nokogiri/lib -L. -fstack-protector-strong -L/opt/homebrew/lib -L/opt/homebrew/opt/libyaml/lib -L/opt/homebrew/opt/openssl@1.1/lib -L/opt/homebrew/opt/readline/lib  -m64  -lexslt -lxslt -lxml2 -lz  /Users/luodian/PycharmProjects/luodian.github.io/vendor/bundle/ruby/2.7.0/gems/nokogiri-1.13.8/ext/nokogiri/ports/arm64-darwin21/libgumbo/1.0.0-nokogiri/lib/libgumbo.a -lruby.2.7 -lexslt -lxslt -lxml2 -lz  /Users/luodian/PycharmProjects/luodian.github.io/vendor/bundle/ruby/2.7.0/gems/nokogiri-1.13.8/ext/nokogiri/ports/arm64-darwin21/libgumbo/1.0.0-nokogiri/lib/libgumbo.a  "
checked program was:
/* begin */
 1: #include "ruby.h"
 2: 
 3: /*top*/
 4: extern int t(void);
 5: int main(int argc, char **argv)
 6: {
 7:   if (argc > 1000000) {
 8:     int (* volatile tp)(void)=(int (*)(void))&t;
 9:     printf("%d", (*tp)());
10:   }
11: 
12:   return !!argv[argc];
13: }
14: extern void xmlSchemaSetValidStructuredErrors();
15: int t(void) { xmlSchemaSetValidStructuredErrors(); return 0; }
/* end */

--------------------

have_func: checking for xmlSchemaSetParserStructuredErrors()... -------------------- yes

"clang -o conftest -I/opt/homebrew/Cellar/ruby@2.7/2.7.6_1/include/ruby-2.7.0/arm64-darwin21 -I/opt/homebrew/Cellar/ruby@2.7/2.7.6_1/include/ruby-2.7.0/ruby/backward -I/opt/homebrew/Cellar/ruby@2.7/2.7.6_1/include/ruby-2.7.0 -I.  -I/opt/homebrew/opt/libyaml/include -I/opt/homebrew/opt/openssl@1.1/include -I/opt/homebrew/opt/readline/include -D_XOPEN_SOURCE -D_DARWIN_C_SOURCE -D_DARWIN_UNLIMITED_SELECT -D_REENTRANT   -I/Library/Developer/CommandLineTools/SDKs/MacOSX.sdk/usr/include/libxml2 -I/Users/luodian/PycharmProjects/luodian.github.io/vendor/bundle/ruby/2.7.0/gems/nokogiri-1.13.8/ext/nokogiri/ports/arm64-darwin21/libgumbo/1.0.0-nokogiri/include -g -O2 -fno-common -pipe -std=c99 -Wno-declaration-after-statement -g -Winline -Wmissing-noreturn conftest.c  -L. -L/opt/homebrew/Cellar/ruby@2.7/2.7.6_1/lib -L/opt/homebrew/opt/libyaml/lib -L/opt/homebrew/opt/openssl@1.1/lib -L/opt/homebrew/opt/readline/lib -L/Users/luodian/PycharmProjects/luodian.github.io/vendor/bundle/ruby/2.7.0/gems/nokogiri-1.13.8/ext/nokogiri/ports/arm64-darwin21/libgumbo/1.0.0-nokogiri/lib -L. -fstack-protector-strong -L/opt/homebrew/lib -L/opt/homebrew/opt/libyaml/lib -L/opt/homebrew/opt/openssl@1.1/lib -L/opt/homebrew/opt/readline/lib  -m64  -lexslt -lxslt -lxml2 -lz  /Users/luodian/PycharmProjects/luodian.github.io/vendor/bundle/ruby/2.7.0/gems/nokogiri-1.13.8/ext/nokogiri/ports/arm64-darwin21/libgumbo/1.0.0-nokogiri/lib/libgumbo.a -lruby.2.7 -lexslt -lxslt -lxml2 -lz  /Users/luodian/PycharmProjects/luodian.github.io/vendor/bundle/ruby/2.7.0/gems/nokogiri-1.13.8/ext/nokogiri/ports/arm64-darwin21/libgumbo/1.0.0-nokogiri/lib/libgumbo.a  "
conftest.c:14:57: error: use of undeclared identifier 'xmlSchemaSetParserStructuredErrors'
int t(void) { void ((*volatile p)()); p = (void ((*)()))xmlSchemaSetParserStructuredErrors; return !p; }
                                                        ^
1 error generated.
checked program was:
/* begin */
 1: #include "ruby.h"
 2: 
 3: /*top*/
 4: extern int t(void);
 5: int main(int argc, char **argv)
 6: {
 7:   if (argc > 1000000) {
 8:     int (* volatile tp)(void)=(int (*)(void))&t;
 9:     printf("%d", (*tp)());
10:   }
11: 
12:   return !!argv[argc];
13: }
14: int t(void) { void ((*volatile p)()); p = (void ((*)()))xmlSchemaSetParserStructuredErrors; return !p; }
/* end */

"clang -o conftest -I/opt/homebrew/Cellar/ruby@2.7/2.7.6_1/include/ruby-2.7.0/arm64-darwin21 -I/opt/homebrew/Cellar/ruby@2.7/2.7.6_1/include/ruby-2.7.0/ruby/backward -I/opt/homebrew/Cellar/ruby@2.7/2.7.6_1/include/ruby-2.7.0 -I.  -I/opt/homebrew/opt/libyaml/include -I/opt/homebrew/opt/openssl@1.1/include -I/opt/homebrew/opt/readline/include -D_XOPEN_SOURCE -D_DARWIN_C_SOURCE -D_DARWIN_UNLIMITED_SELECT -D_REENTRANT   -I/Library/Developer/CommandLineTools/SDKs/MacOSX.sdk/usr/include/libxml2 -I/Users/luodian/PycharmProjects/luodian.github.io/vendor/bundle/ruby/2.7.0/gems/nokogiri-1.13.8/ext/nokogiri/ports/arm64-darwin21/libgumbo/1.0.0-nokogiri/include -g -O2 -fno-common -pipe -std=c99 -Wno-declaration-after-statement -g -Winline -Wmissing-noreturn conftest.c  -L. -L/opt/homebrew/Cellar/ruby@2.7/2.7.6_1/lib -L/opt/homebrew/opt/libyaml/lib -L/opt/homebrew/opt/openssl@1.1/lib -L/opt/homebrew/opt/readline/lib -L/Users/luodian/PycharmProjects/luodian.github.io/vendor/bundle/ruby/2.7.0/gems/nokogiri-1.13.8/ext/nokogiri/ports/arm64-darwin21/libgumbo/1.0.0-nokogiri/lib -L. -fstack-protector-strong -L/opt/homebrew/lib -L/opt/homebrew/opt/libyaml/lib -L/opt/homebrew/opt/openssl@1.1/lib -L/opt/homebrew/opt/readline/lib  -m64  -lexslt -lxslt -lxml2 -lz  /Users/luodian/PycharmProjects/luodian.github.io/vendor/bundle/ruby/2.7.0/gems/nokogiri-1.13.8/ext/nokogiri/ports/arm64-darwin21/libgumbo/1.0.0-nokogiri/lib/libgumbo.a -lruby.2.7 -lexslt -lxslt -lxml2 -lz  /Users/luodian/PycharmProjects/luodian.github.io/vendor/bundle/ruby/2.7.0/gems/nokogiri-1.13.8/ext/nokogiri/ports/arm64-darwin21/libgumbo/1.0.0-nokogiri/lib/libgumbo.a  "
checked program was:
/* begin */
 1: #include "ruby.h"
 2: 
 3: /*top*/
 4: extern int t(void);
 5: int main(int argc, char **argv)
 6: {
 7:   if (argc > 1000000) {
 8:     int (* volatile tp)(void)=(int (*)(void))&t;
 9:     printf("%d", (*tp)());
10:   }
11: 
12:   return !!argv[argc];
13: }
14: extern void xmlSchemaSetParserStructuredErrors();
15: int t(void) { xmlSchemaSetParserStructuredErrors(); return 0; }
/* end */

--------------------

have_func: checking for rb_gc_location()... -------------------- yes

"clang -o conftest -I/opt/homebrew/Cellar/ruby@2.7/2.7.6_1/include/ruby-2.7.0/arm64-darwin21 -I/opt/homebrew/Cellar/ruby@2.7/2.7.6_1/include/ruby-2.7.0/ruby/backward -I/opt/homebrew/Cellar/ruby@2.7/2.7.6_1/include/ruby-2.7.0 -I.  -I/opt/homebrew/opt/libyaml/include -I/opt/homebrew/opt/openssl@1.1/include -I/opt/homebrew/opt/readline/include -D_XOPEN_SOURCE -D_DARWIN_C_SOURCE -D_DARWIN_UNLIMITED_SELECT -D_REENTRANT   -I/Library/Developer/CommandLineTools/SDKs/MacOSX.sdk/usr/include/libxml2 -I/Users/luodian/PycharmProjects/luodian.github.io/vendor/bundle/ruby/2.7.0/gems/nokogiri-1.13.8/ext/nokogiri/ports/arm64-darwin21/libgumbo/1.0.0-nokogiri/include -g -O2 -fno-common -pipe -std=c99 -Wno-declaration-after-statement -g -Winline -Wmissing-noreturn conftest.c  -L. -L/opt/homebrew/Cellar/ruby@2.7/2.7.6_1/lib -L/opt/homebrew/opt/libyaml/lib -L/opt/homebrew/opt/openssl@1.1/lib -L/opt/homebrew/opt/readline/lib -L/Users/luodian/PycharmProjects/luodian.github.io/vendor/bundle/ruby/2.7.0/gems/nokogiri-1.13.8/ext/nokogiri/ports/arm64-darwin21/libgumbo/1.0.0-nokogiri/lib -L. -fstack-protector-strong -L/opt/homebrew/lib -L/opt/homebrew/opt/libyaml/lib -L/opt/homebrew/opt/openssl@1.1/lib -L/opt/homebrew/opt/readline/lib  -m64  -lexslt -lxslt -lxml2 -lz  /Users/luodian/PycharmProjects/luodian.github.io/vendor/bundle/ruby/2.7.0/gems/nokogiri-1.13.8/ext/nokogiri/ports/arm64-darwin21/libgumbo/1.0.0-nokogiri/lib/libgumbo.a -lruby.2.7 -lexslt -lxslt -lxml2 -lz  /Users/luodian/PycharmProjects/luodian.github.io/vendor/bundle/ruby/2.7.0/gems/nokogiri-1.13.8/ext/nokogiri/ports/arm64-darwin21/libgumbo/1.0.0-nokogiri/lib/libgumbo.a  "
checked program was:
/* begin */
 1: #include "ruby.h"
 2: 
 3: /*top*/
 4: extern int t(void);
 5: int main(int argc, char **argv)
 6: {
 7:   if (argc > 1000000) {
 8:     int (* volatile tp)(void)=(int (*)(void))&t;
 9:     printf("%d", (*tp)());
10:   }
11: 
12:   return !!argv[argc];
13: }
14: int t(void) { void ((*volatile p)()); p = (void ((*)()))rb_gc_location; return !p; }
/* end */

--------------------

have_func: checking for rb_category_warning()... -------------------- no

"clang -o conftest -I/opt/homebrew/Cellar/ruby@2.7/2.7.6_1/include/ruby-2.7.0/arm64-darwin21 -I/opt/homebrew/Cellar/ruby@2.7/2.7.6_1/include/ruby-2.7.0/ruby/backward -I/opt/homebrew/Cellar/ruby@2.7/2.7.6_1/include/ruby-2.7.0 -I.  -I/opt/homebrew/opt/libyaml/include -I/opt/homebrew/opt/openssl@1.1/include -I/opt/homebrew/opt/readline/include -D_XOPEN_SOURCE -D_DARWIN_C_SOURCE -D_DARWIN_UNLIMITED_SELECT -D_REENTRANT   -I/Library/Developer/CommandLineTools/SDKs/MacOSX.sdk/usr/include/libxml2 -I/Users/luodian/PycharmProjects/luodian.github.io/vendor/bundle/ruby/2.7.0/gems/nokogiri-1.13.8/ext/nokogiri/ports/arm64-darwin21/libgumbo/1.0.0-nokogiri/include -g -O2 -fno-common -pipe -std=c99 -Wno-declaration-after-statement -g -Winline -Wmissing-noreturn conftest.c  -L. -L/opt/homebrew/Cellar/ruby@2.7/2.7.6_1/lib -L/opt/homebrew/opt/libyaml/lib -L/opt/homebrew/opt/openssl@1.1/lib -L/opt/homebrew/opt/readline/lib -L/Users/luodian/PycharmProjects/luodian.github.io/vendor/bundle/ruby/2.7.0/gems/nokogiri-1.13.8/ext/nokogiri/ports/arm64-darwin21/libgumbo/1.0.0-nokogiri/lib -L. -fstack-protector-strong -L/opt/homebrew/lib -L/opt/homebrew/opt/libyaml/lib -L/opt/homebrew/opt/openssl@1.1/lib -L/opt/homebrew/opt/readline/lib  -m64  -lexslt -lxslt -lxml2 -lz  /Users/luodian/PycharmProjects/luodian.github.io/vendor/bundle/ruby/2.7.0/gems/nokogiri-1.13.8/ext/nokogiri/ports/arm64-darwin21/libgumbo/1.0.0-nokogiri/lib/libgumbo.a -lruby.2.7 -lexslt -lxslt -lxml2 -lz  /Users/luodian/PycharmProjects/luodian.github.io/vendor/bundle/ruby/2.7.0/gems/nokogiri-1.13.8/ext/nokogiri/ports/arm64-darwin21/libgumbo/1.0.0-nokogiri/lib/libgumbo.a  "
conftest.c:14:57: error: use of undeclared identifier 'rb_category_warning'
int t(void) { void ((*volatile p)()); p = (void ((*)()))rb_category_warning; return !p; }
                                                        ^
1 error generated.
checked program was:
/* begin */
 1: #include "ruby.h"
 2: 
 3: /*top*/
 4: extern int t(void);
 5: int main(int argc, char **argv)
 6: {
 7:   if (argc > 1000000) {
 8:     int (* volatile tp)(void)=(int (*)(void))&t;
 9:     printf("%d", (*tp)());
10:   }
11: 
12:   return !!argv[argc];
13: }
14: int t(void) { void ((*volatile p)()); p = (void ((*)()))rb_category_warning; return !p; }
/* end */

"clang -o conftest -I/opt/homebrew/Cellar/ruby@2.7/2.7.6_1/include/ruby-2.7.0/arm64-darwin21 -I/opt/homebrew/Cellar/ruby@2.7/2.7.6_1/include/ruby-2.7.0/ruby/backward -I/opt/homebrew/Cellar/ruby@2.7/2.7.6_1/include/ruby-2.7.0 -I.  -I/opt/homebrew/opt/libyaml/include -I/opt/homebrew/opt/openssl@1.1/include -I/opt/homebrew/opt/readline/include -D_XOPEN_SOURCE -D_DARWIN_C_SOURCE -D_DARWIN_UNLIMITED_SELECT -D_REENTRANT   -I/Library/Developer/CommandLineTools/SDKs/MacOSX.sdk/usr/include/libxml2 -I/Users/luodian/PycharmProjects/luodian.github.io/vendor/bundle/ruby/2.7.0/gems/nokogiri-1.13.8/ext/nokogiri/ports/arm64-darwin21/libgumbo/1.0.0-nokogiri/include -g -O2 -fno-common -pipe -std=c99 -Wno-declaration-after-statement -g -Winline -Wmissing-noreturn conftest.c  -L. -L/opt/homebrew/Cellar/ruby@2.7/2.7.6_1/lib -L/opt/homebrew/opt/libyaml/lib -L/opt/homebrew/opt/openssl@1.1/lib -L/opt/homebrew/opt/readline/lib -L/Users/luodian/PycharmProjects/luodian.github.io/vendor/bundle/ruby/2.7.0/gems/nokogiri-1.13.8/ext/nokogiri/ports/arm64-darwin21/libgumbo/1.0.0-nokogiri/lib -L. -fstack-protector-strong -L/opt/homebrew/lib -L/opt/homebrew/opt/libyaml/lib -L/opt/homebrew/opt/openssl@1.1/lib -L/opt/homebrew/opt/readline/lib  -m64  -lexslt -lxslt -lxml2 -lz  /Users/luodian/PycharmProjects/luodian.github.io/vendor/bundle/ruby/2.7.0/gems/nokogiri-1.13.8/ext/nokogiri/ports/arm64-darwin21/libgumbo/1.0.0-nokogiri/lib/libgumbo.a -lruby.2.7 -lexslt -lxslt -lxml2 -lz  /Users/luodian/PycharmProjects/luodian.github.io/vendor/bundle/ruby/2.7.0/gems/nokogiri-1.13.8/ext/nokogiri/ports/arm64-darwin21/libgumbo/1.0.0-nokogiri/lib/libgumbo.a  "
Undefined symbols for architecture arm64:
  "_rb_category_warning", referenced from:
      _t in conftest-6080cb.o
ld: symbol(s) not found for architecture arm64
clang: error: linker command failed with exit code 1 (use -v to see invocation)
checked program was:
/* begin */
 1: #include "ruby.h"
 2: 
 3: /*top*/
 4: extern int t(void);
 5: int main(int argc, char **argv)
 6: {
 7:   if (argc > 1000000) {
 8:     int (* volatile tp)(void)=(int (*)(void))&t;
 9:     printf("%d", (*tp)());
10:   }
11: 
12:   return !!argv[argc];
13: }
14: extern void rb_category_warning();
15: int t(void) { rb_category_warning(); return 0; }
/* end */

--------------------

have_func: checking for vasprintf()... -------------------- yes

"clang -o conftest -I/opt/homebrew/Cellar/ruby@2.7/2.7.6_1/include/ruby-2.7.0/arm64-darwin21 -I/opt/homebrew/Cellar/ruby@2.7/2.7.6_1/include/ruby-2.7.0/ruby/backward -I/opt/homebrew/Cellar/ruby@2.7/2.7.6_1/include/ruby-2.7.0 -I.  -I/opt/homebrew/opt/libyaml/include -I/opt/homebrew/opt/openssl@1.1/include -I/opt/homebrew/opt/readline/include -D_XOPEN_SOURCE -D_DARWIN_C_SOURCE -D_DARWIN_UNLIMITED_SELECT -D_REENTRANT   -I/Library/Developer/CommandLineTools/SDKs/MacOSX.sdk/usr/include/libxml2 -I/Users/luodian/PycharmProjects/luodian.github.io/vendor/bundle/ruby/2.7.0/gems/nokogiri-1.13.8/ext/nokogiri/ports/arm64-darwin21/libgumbo/1.0.0-nokogiri/include -g -O2 -fno-common -pipe -std=c99 -Wno-declaration-after-statement -g -Winline -Wmissing-noreturn conftest.c  -L. -L/opt/homebrew/Cellar/ruby@2.7/2.7.6_1/lib -L/opt/homebrew/opt/libyaml/lib -L/opt/homebrew/opt/openssl@1.1/lib -L/opt/homebrew/opt/readline/lib -L/Users/luodian/PycharmProjects/luodian.github.io/vendor/bundle/ruby/2.7.0/gems/nokogiri-1.13.8/ext/nokogiri/ports/arm64-darwin21/libgumbo/1.0.0-nokogiri/lib -L. -fstack-protector-strong -L/opt/homebrew/lib -L/opt/homebrew/opt/libyaml/lib -L/opt/homebrew/opt/openssl@1.1/lib -L/opt/homebrew/opt/readline/lib  -m64  -lexslt -lxslt -lxml2 -lz  /Users/luodian/PycharmProjects/luodian.github.io/vendor/bundle/ruby/2.7.0/gems/nokogiri-1.13.8/ext/nokogiri/ports/arm64-darwin21/libgumbo/1.0.0-nokogiri/lib/libgumbo.a -lruby.2.7 -lexslt -lxslt -lxml2 -lz  /Users/luodian/PycharmProjects/luodian.github.io/vendor/bundle/ruby/2.7.0/gems/nokogiri-1.13.8/ext/nokogiri/ports/arm64-darwin21/libgumbo/1.0.0-nokogiri/lib/libgumbo.a  "
checked program was:
/* begin */
 1: #include "ruby.h"
 2: 
 3: /*top*/
 4: extern int t(void);
 5: int main(int argc, char **argv)
 6: {
 7:   if (argc > 1000000) {
 8:     int (* volatile tp)(void)=(int (*)(void))&t;
 9:     printf("%d", (*tp)());
10:   }
11: 
12:   return !!argv[argc];
13: }
14: int t(void) { void ((*volatile p)()); p = (void ((*)()))vasprintf; return !p; }
/* end */

--------------------

block in append_cppflags: checking for whether -DNOKOGIRI_OTHER_LIBRARY_VERSIONS="\"libgumbo:1.0.0-nokogiri\"" is accepted as CPPFLAGS... -------------------- yes

"clang -E -I/opt/homebrew/Cellar/ruby@2.7/2.7.6_1/include/ruby-2.7.0/arm64-darwin21 -I/opt/homebrew/Cellar/ruby@2.7/2.7.6_1/include/ruby-2.7.0/ruby/backward -I/opt/homebrew/Cellar/ruby@2.7/2.7.6_1/include/ruby-2.7.0 -I.  -I/opt/homebrew/opt/libyaml/include -I/opt/homebrew/opt/openssl@1.1/include -I/opt/homebrew/opt/readline/include -D_XOPEN_SOURCE -D_DARWIN_C_SOURCE -D_DARWIN_UNLIMITED_SELECT -D_REENTRANT   -I/Library/Developer/CommandLineTools/SDKs/MacOSX.sdk/usr/include/libxml2 -I/Users/luodian/PycharmProjects/luodian.github.io/vendor/bundle/ruby/2.7.0/gems/nokogiri-1.13.8/ext/nokogiri/ports/arm64-darwin21/libgumbo/1.0.0-nokogiri/include -g -O2 -fno-common -pipe -std=c99 -Wno-declaration-after-statement -g -Winline -Wmissing-noreturn -DNOKOGIRI_OTHER_LIBRARY_VERSIONS="\"libgumbo:1.0.0-nokogiri\"" conftest.c -o conftest.i"
checked program was:
/* begin */
1: #include "ruby.h"
2: 
3: int main(int argc, char **argv)
4: {
5:   return !!argv[argc];
6: }
/* end */

--------------------

